
================================================================================================================================================
java.lang.RuntimeException: Error al consultar censos
================================================================================================================================================
com.cclip.services.Services.findScheduleCensusListByExample(Services.java:436)
com.cclip.gui.schedule.census.JPanelScheduleCensusList.find(JPanelScheduleCensusList.java:214)
com.cclip.gui.util.JPanelList.searchData(JPanelList.java:257)
com.cclip.gui.util.JPanelList$2.actionPerformed(JPanelList.java:74)
javax.swing.AbstractButton.fireActionPerformed(AbstractButton.java:2018)
javax.swing.AbstractButton$Handler.actionPerformed(AbstractButton.java:2341)
javax.swing.DefaultButtonModel.fireActionPerformed(DefaultButtonModel.java:402)
javax.swing.DefaultButtonModel.setPressed(DefaultButtonModel.java:259)
javax.swing.plaf.basic.BasicButtonListener.mouseReleased(BasicButtonListener.java:252)
java.awt.AWTEventMulticaster.mouseReleased(AWTEventMulticaster.java:289)
java.awt.Component.processMouseEvent(Component.java:6516)
javax.swing.JComponent.processMouseEvent(JComponent.java:3321)
java.awt.Component.processEvent(Component.java:6281)
java.awt.Container.processEvent(Container.java:2229)
java.awt.Component.dispatchEventImpl(Component.java:4872)
java.awt.Container.dispatchEventImpl(Container.java:2287)
java.awt.Component.dispatchEvent(Component.java:4698)
java.awt.LightweightDispatcher.retargetMouseEvent(Container.java:4832)
java.awt.LightweightDispatcher.processMouseEvent(Container.java:4492)
java.awt.LightweightDispatcher.dispatchEvent(Container.java:4422)
java.awt.Container.dispatchEventImpl(Container.java:2273)
java.awt.Window.dispatchEventImpl(Window.java:2719)
java.awt.Component.dispatchEvent(Component.java:4698)
java.awt.EventQueue.dispatchEventImpl(EventQueue.java:747)
java.awt.EventQueue.access$300(EventQueue.java:103)
java.awt.EventQueue$3.run(EventQueue.java:706)
java.awt.EventQueue$3.run(EventQueue.java:704)
java.security.AccessController.doPrivileged(Native Method)
java.security.ProtectionDomain$1.doIntersectionPrivilege(ProtectionDomain.java:76)
java.security.ProtectionDomain$1.doIntersectionPrivilege(ProtectionDomain.java:87)
java.awt.EventQueue$4.run(EventQueue.java:720)
java.awt.EventQueue$4.run(EventQueue.java:718)
java.security.AccessController.doPrivileged(Native Method)
java.security.ProtectionDomain$1.doIntersectionPrivilege(ProtectionDomain.java:76)
java.awt.EventQueue.dispatchEvent(EventQueue.java:717)
java.awt.EventDispatchThread.pumpOneEventForFilters(EventDispatchThread.java:242)
java.awt.EventDispatchThread.pumpEventsForFilter(EventDispatchThread.java:161)
java.awt.EventDispatchThread.pumpEventsForHierarchy(EventDispatchThread.java:150)
java.awt.EventDispatchThread.pumpEvents(EventDispatchThread.java:146)
java.awt.EventDispatchThread.pumpEvents(EventDispatchThread.java:138)
java.awt.EventDispatchThread.run(EventDispatchThread.java:91)